<?xml version="1.0" encoding="UTF-8"?>
<!-- Generated by org.testng.reporters.JUnitReportReporter -->
<testsuite skipped="0" hostname="A2ML15068" name="com.mindtree.main.Book_Ticket1" tests="5" failures="0" timestamp="06 Mar 2018 10:55:19 GMT" time="23.419" errors="0">
  <testcase name="loginPage" time="2.798" classname="com.mindtree.main.Book_Ticket1"/>
  <testcase name="findFlights" time="9.079" classname="com.mindtree.main.Book_Ticket1"/>
  <testcase name="selectFlightPage" time="5.060" classname="com.mindtree.main.Book_Ticket1"/>
  <testcase name="summaryPage" time="6.003" classname="com.mindtree.main.Book_Ticket1"/>
  <testcase name="confirmationPage" time="0.479" classname="com.mindtree.main.Book_Ticket1"/>
</testsuite> <!-- com.mindtree.main.Book_Ticket1 -->
