<?xml version="1.0" encoding="UTF-8"?>
<!-- Generated by org.testng.reporters.JUnitReportReporter -->
<testsuite skipped="0" hostname="A2ML15068" name="com.mindtree.main.Book_Ticket" tests="5" failures="0" timestamp="28 Feb 2018 11:03:19 GMT" time="61.947" errors="0">
  <testcase name="loginPage" time="49.062" classname="com.mindtree.main.Book_Ticket"/>
  <testcase name="flightFinder" time="6.630" classname="com.mindtree.main.Book_Ticket"/>
  <testcase name="selectFlightPage" time="1.959" classname="com.mindtree.main.Book_Ticket"/>
  <testcase name="summaryPage" time="3.847" classname="com.mindtree.main.Book_Ticket"/>
  <testcase name="confirmationPage" time="0.449" classname="com.mindtree.main.Book_Ticket"/>
</testsuite> <!-- com.mindtree.main.Book_Ticket -->
