<?xml version="1.0" encoding="UTF-8"?>
<testsuite xmlns:xsi="http://www.w3.org/2001/XMLSchema-instance" xsi:noNamespaceSchemaLocation="https://maven.apache.org/surefire/maven-surefire-plugin/xsd/surefire-test-report.xsd" name="TestSuite" time="71.926" tests="5" errors="0" skipped="0" failures="0">
  <properties>
    <property name="sun.desktop" value="windows"/>
    <property name="awt.toolkit" value="sun.awt.windows.WToolkit"/>
    <property name="file.encoding.pkg" value="sun.io"/>
    <property name="java.specification.version" value="1.8"/>
    <property name="sun.cpu.isalist" value="amd64"/>
    <property name="sun.jnu.encoding" value="Cp1252"/>
    <property name="java.class.path" value="C:\Users\m1022639\.m2\repository\org\apache\maven\surefire\surefire-booter\2.20.1\surefire-booter-2.20.1.jar;C:\Users\m1022639\.m2\repository\org\apache\maven\surefire\surefire-api\2.20.1\surefire-api-2.20.1.jar;C:\Users\m1022639\.m2\repository\org\apache\maven\surefire\surefire-logger-api\2.20.1\surefire-logger-api-2.20.1.jar;D:\Edureka_Git\kishorelattimindtreecom_357984_432_59049\Final_Edureka_Demo\Final_Project_Java\NewTours_Application_Demo\target\test-classes;D:\Edureka_Git\kishorelattimindtreecom_357984_432_59049\Final_Edureka_Demo\Final_Project_Java\NewTours_Application_Demo\target\classes;C:\Users\m1022639\.m2\repository\org\seleniumhq\selenium\selenium-java\3.9.1\selenium-java-3.9.1.jar;C:\Users\m1022639\.m2\repository\org\seleniumhq\selenium\selenium-api\3.9.1\selenium-api-3.9.1.jar;C:\Users\m1022639\.m2\repository\org\seleniumhq\selenium\selenium-chrome-driver\3.9.1\selenium-chrome-driver-3.9.1.jar;C:\Users\m1022639\.m2\repository\org\seleniumhq\selenium\selenium-edge-driver\3.9.1\selenium-edge-driver-3.9.1.jar;C:\Users\m1022639\.m2\repository\org\seleniumhq\selenium\selenium-firefox-driver\3.9.1\selenium-firefox-driver-3.9.1.jar;C:\Users\m1022639\.m2\repository\org\seleniumhq\selenium\selenium-ie-driver\3.9.1\selenium-ie-driver-3.9.1.jar;C:\Users\m1022639\.m2\repository\org\seleniumhq\selenium\selenium-opera-driver\3.9.1\selenium-opera-driver-3.9.1.jar;C:\Users\m1022639\.m2\repository\org\seleniumhq\selenium\selenium-remote-driver\3.9.1\selenium-remote-driver-3.9.1.jar;C:\Users\m1022639\.m2\repository\org\seleniumhq\selenium\selenium-safari-driver\3.9.1\selenium-safari-driver-3.9.1.jar;C:\Users\m1022639\.m2\repository\org\seleniumhq\selenium\selenium-support\3.9.1\selenium-support-3.9.1.jar;C:\Users\m1022639\.m2\repository\net\bytebuddy\byte-buddy\1.7.9\byte-buddy-1.7.9.jar;C:\Users\m1022639\.m2\repository\org\apache\commons\commons-exec\1.3\commons-exec-1.3.jar;C:\Users\m1022639\.m2\repository\commons-codec\commons-codec\1.10\commons-codec-1.10.jar;C:\Users\m1022639\.m2\repository\commons-logging\commons-logging\1.2\commons-logging-1.2.jar;C:\Users\m1022639\.m2\repository\com\google\code\gson\gson\2.8.2\gson-2.8.2.jar;C:\Users\m1022639\.m2\repository\com\google\guava\guava\23.6-jre\guava-23.6-jre.jar;C:\Users\m1022639\.m2\repository\com\google\code\findbugs\jsr305\1.3.9\jsr305-1.3.9.jar;C:\Users\m1022639\.m2\repository\org\checkerframework\checker-compat-qual\2.0.0\checker-compat-qual-2.0.0.jar;C:\Users\m1022639\.m2\repository\com\google\errorprone\error_prone_annotations\2.1.3\error_prone_annotations-2.1.3.jar;C:\Users\m1022639\.m2\repository\com\google\j2objc\j2objc-annotations\1.1\j2objc-annotations-1.1.jar;C:\Users\m1022639\.m2\repository\org\codehaus\mojo\animal-sniffer-annotations\1.14\animal-sniffer-annotations-1.14.jar;C:\Users\m1022639\.m2\repository\org\apache\httpcomponents\httpclient\4.5.3\httpclient-4.5.3.jar;C:\Users\m1022639\.m2\repository\org\apache\httpcomponents\httpcore\4.4.6\httpcore-4.4.6.jar;C:\Users\m1022639\.m2\repository\com\squareup\okhttp3\okhttp\3.9.1\okhttp-3.9.1.jar;C:\Users\m1022639\.m2\repository\com\squareup\okio\okio\1.13.0\okio-1.13.0.jar;C:\Users\m1022639\.m2\repository\org\testng\testng\6.8\testng-6.8.jar;C:\Users\m1022639\.m2\repository\junit\junit\4.10\junit-4.10.jar;C:\Users\m1022639\.m2\repository\org\hamcrest\hamcrest-core\1.1\hamcrest-core-1.1.jar;C:\Users\m1022639\.m2\repository\org\beanshell\bsh\2.0b4\bsh-2.0b4.jar;C:\Users\m1022639\.m2\repository\com\beust\jcommander\1.27\jcommander-1.27.jar;C:\Users\m1022639\.m2\repository\org\yaml\snakeyaml\1.6\snakeyaml-1.6.jar;C:\Users\m1022639\.m2\repository\javax\mail\javax.mail-api\1.5.5\javax.mail-api-1.5.5.jar;C:\Users\m1022639\.m2\repository\com\sun\mail\javax.mail\1.5.5\javax.mail-1.5.5.jar;C:\Users\m1022639\.m2\repository\javax\activation\activation\1.1\activation-1.1.jar;C:\Users\m1022639\.m2\repository\commons-io\commons-io\1.3.2\commons-io-1.3.2.jar;C:\Users\m1022639\.m2\repository\jfree\jfreechart\1.0.13\jfreechart-1.0.13.jar;C:\Users\m1022639\.m2\repository\jfree\jcommon\1.0.16\jcommon-1.0.16.jar;C:\Users\m1022639\.m2\repository\org\apache\xmlgraphics\fop\2.0\fop-2.0.jar;C:\Users\m1022639\.m2\repository\org\apache\xmlgraphics\xmlgraphics-commons\2.0.1\xmlgraphics-commons-2.0.1.jar;C:\Users\m1022639\.m2\repository\org\apache\xmlgraphics\batik-svg-dom\1.8\batik-svg-dom-1.8.jar;C:\Users\m1022639\.m2\repository\org\apache\xmlgraphics\batik-css\1.8\batik-css-1.8.jar;C:\Users\m1022639\.m2\repository\org\apache\xmlgraphics\batik-dom\1.8\batik-dom-1.8.jar;C:\Users\m1022639\.m2\repository\org\apache\xmlgraphics\batik-parser\1.8\batik-parser-1.8.jar;C:\Users\m1022639\.m2\repository\org\apache\xmlgraphics\batik-util\1.8\batik-util-1.8.jar;C:\Users\m1022639\.m2\repository\xml-apis\xml-apis\1.3.04\xml-apis-1.3.04.jar;C:\Users\m1022639\.m2\repository\xml-apis\xml-apis-ext\1.3.04\xml-apis-ext-1.3.04.jar;C:\Users\m1022639\.m2\repository\org\apache\xmlgraphics\batik-bridge\1.8\batik-bridge-1.8.jar;C:\Users\m1022639\.m2\repository\org\apache\xmlgraphics\batik-anim\1.8\batik-anim-1.8.jar;C:\Users\m1022639\.m2\repository\org\apache\xmlgraphics\batik-script\1.8\batik-script-1.8.jar;C:\Users\m1022639\.m2\repository\org\apache\xmlgraphics\batik-xml\1.8\batik-xml-1.8.jar;C:\Users\m1022639\.m2\repository\xalan\xalan\2.7.0\xalan-2.7.0.jar;C:\Users\m1022639\.m2\repository\org\apache\xmlgraphics\batik-awt-util\1.8\batik-awt-util-1.8.jar;C:\Users\m1022639\.m2\repository\org\apache\xmlgraphics\batik-gvt\1.8\batik-gvt-1.8.jar;C:\Users\m1022639\.m2\repository\org\apache\xmlgraphics\batik-transcoder\1.8\batik-transcoder-1.8.jar;C:\Users\m1022639\.m2\repository\org\apache\xmlgraphics\batik-svggen\1.8\batik-svggen-1.8.jar;C:\Users\m1022639\.m2\repository\org\apache\xmlgraphics\batik-extension\1.8\batik-extension-1.8.jar;C:\Users\m1022639\.m2\repository\org\apache\xmlgraphics\batik-ext\1.8\batik-ext-1.8.jar;C:\Users\m1022639\.m2\repository\avalon-framework\avalon-framework-api\4.2.0\avalon-framework-api-4.2.0.jar;C:\Users\m1022639\.m2\repository\avalon-framework\avalon-framework-impl\4.2.0\avalon-framework-impl-4.2.0.jar;C:\Users\m1022639\.m2\repository\org\apache\avalon\framework\avalon-framework-api\4.3.1\avalon-framework-api-4.3.1.jar;C:\Users\m1022639\.m2\repository\org\apache\avalon\framework\avalon-framework-impl\4.3.1\avalon-framework-impl-4.3.1.jar;C:\Users\m1022639\.m2\repository\com\uttesh\pdfngreport\2.1.3\pdfngreport-2.1.3.jar;C:\Users\m1022639\.m2\repository\org\apache\maven\surefire\surefire-testng-utils\2.20.1\surefire-testng-utils-2.20.1.jar;C:\Users\m1022639\.m2\repository\org\apache\maven\surefire\surefire-grouper\2.20.1\surefire-grouper-2.20.1.jar;C:\Users\m1022639\.m2\repository\org\apache\maven\surefire\surefire-testng\2.20.1\surefire-testng-2.20.1.jar;C:\Users\m1022639\.m2\repository\org\apache\maven\surefire\common-java5\2.20.1\common-java5-2.20.1.jar"/>
    <property name="java.vm.vendor" value="Oracle Corporation"/>
    <property name="sun.arch.data.model" value="64"/>
    <property name="user.variant" value=""/>
    <property name="java.vendor.url" value="http://java.oracle.com/"/>
    <property name="user.timezone" value=""/>
    <property name="java.vm.specification.version" value="1.8"/>
    <property name="os.name" value="Windows 8.1"/>
    <property name="user.country" value="US"/>
    <property name="sun.java.launcher" value="SUN_STANDARD"/>
    <property name="sun.boot.library.path" value="C:\Program Files\Java\jre1.8.0_102\bin"/>
    <property name="sun.java.command" value="org.apache.maven.surefire.booter.ForkedBooter C:\Users\m1022639\AppData\Local\Temp\surefire6259567713884726586 2018-03-06T12-26-00_386-jvmRun1 surefire2088080571752790077tmp surefire_08157343357734957439tmp"/>
    <property name="surefire.test.class.path" value="D:\Edureka_Git\kishorelattimindtreecom_357984_432_59049\Final_Edureka_Demo\Final_Project_Java\NewTours_Application_Demo\target\test-classes;D:\Edureka_Git\kishorelattimindtreecom_357984_432_59049\Final_Edureka_Demo\Final_Project_Java\NewTours_Application_Demo\target\classes;C:\Users\m1022639\.m2\repository\org\seleniumhq\selenium\selenium-java\3.9.1\selenium-java-3.9.1.jar;C:\Users\m1022639\.m2\repository\org\seleniumhq\selenium\selenium-api\3.9.1\selenium-api-3.9.1.jar;C:\Users\m1022639\.m2\repository\org\seleniumhq\selenium\selenium-chrome-driver\3.9.1\selenium-chrome-driver-3.9.1.jar;C:\Users\m1022639\.m2\repository\org\seleniumhq\selenium\selenium-edge-driver\3.9.1\selenium-edge-driver-3.9.1.jar;C:\Users\m1022639\.m2\repository\org\seleniumhq\selenium\selenium-firefox-driver\3.9.1\selenium-firefox-driver-3.9.1.jar;C:\Users\m1022639\.m2\repository\org\seleniumhq\selenium\selenium-ie-driver\3.9.1\selenium-ie-driver-3.9.1.jar;C:\Users\m1022639\.m2\repository\org\seleniumhq\selenium\selenium-opera-driver\3.9.1\selenium-opera-driver-3.9.1.jar;C:\Users\m1022639\.m2\repository\org\seleniumhq\selenium\selenium-remote-driver\3.9.1\selenium-remote-driver-3.9.1.jar;C:\Users\m1022639\.m2\repository\org\seleniumhq\selenium\selenium-safari-driver\3.9.1\selenium-safari-driver-3.9.1.jar;C:\Users\m1022639\.m2\repository\org\seleniumhq\selenium\selenium-support\3.9.1\selenium-support-3.9.1.jar;C:\Users\m1022639\.m2\repository\net\bytebuddy\byte-buddy\1.7.9\byte-buddy-1.7.9.jar;C:\Users\m1022639\.m2\repository\org\apache\commons\commons-exec\1.3\commons-exec-1.3.jar;C:\Users\m1022639\.m2\repository\commons-codec\commons-codec\1.10\commons-codec-1.10.jar;C:\Users\m1022639\.m2\repository\commons-logging\commons-logging\1.2\commons-logging-1.2.jar;C:\Users\m1022639\.m2\repository\com\google\code\gson\gson\2.8.2\gson-2.8.2.jar;C:\Users\m1022639\.m2\repository\com\google\guava\guava\23.6-jre\guava-23.6-jre.jar;C:\Users\m1022639\.m2\repository\com\google\code\findbugs\jsr305\1.3.9\jsr305-1.3.9.jar;C:\Users\m1022639\.m2\repository\org\checkerframework\checker-compat-qual\2.0.0\checker-compat-qual-2.0.0.jar;C:\Users\m1022639\.m2\repository\com\google\errorprone\error_prone_annotations\2.1.3\error_prone_annotations-2.1.3.jar;C:\Users\m1022639\.m2\repository\com\google\j2objc\j2objc-annotations\1.1\j2objc-annotations-1.1.jar;C:\Users\m1022639\.m2\repository\org\codehaus\mojo\animal-sniffer-annotations\1.14\animal-sniffer-annotations-1.14.jar;C:\Users\m1022639\.m2\repository\org\apache\httpcomponents\httpclient\4.5.3\httpclient-4.5.3.jar;C:\Users\m1022639\.m2\repository\org\apache\httpcomponents\httpcore\4.4.6\httpcore-4.4.6.jar;C:\Users\m1022639\.m2\repository\com\squareup\okhttp3\okhttp\3.9.1\okhttp-3.9.1.jar;C:\Users\m1022639\.m2\repository\com\squareup\okio\okio\1.13.0\okio-1.13.0.jar;C:\Users\m1022639\.m2\repository\org\testng\testng\6.8\testng-6.8.jar;C:\Users\m1022639\.m2\repository\junit\junit\4.10\junit-4.10.jar;C:\Users\m1022639\.m2\repository\org\hamcrest\hamcrest-core\1.1\hamcrest-core-1.1.jar;C:\Users\m1022639\.m2\repository\org\beanshell\bsh\2.0b4\bsh-2.0b4.jar;C:\Users\m1022639\.m2\repository\com\beust\jcommander\1.27\jcommander-1.27.jar;C:\Users\m1022639\.m2\repository\org\yaml\snakeyaml\1.6\snakeyaml-1.6.jar;C:\Users\m1022639\.m2\repository\javax\mail\javax.mail-api\1.5.5\javax.mail-api-1.5.5.jar;C:\Users\m1022639\.m2\repository\com\sun\mail\javax.mail\1.5.5\javax.mail-1.5.5.jar;C:\Users\m1022639\.m2\repository\javax\activation\activation\1.1\activation-1.1.jar;C:\Users\m1022639\.m2\repository\commons-io\commons-io\1.3.2\commons-io-1.3.2.jar;C:\Users\m1022639\.m2\repository\jfree\jfreechart\1.0.13\jfreechart-1.0.13.jar;C:\Users\m1022639\.m2\repository\jfree\jcommon\1.0.16\jcommon-1.0.16.jar;C:\Users\m1022639\.m2\repository\org\apache\xmlgraphics\fop\2.0\fop-2.0.jar;C:\Users\m1022639\.m2\repository\org\apache\xmlgraphics\xmlgraphics-commons\2.0.1\xmlgraphics-commons-2.0.1.jar;C:\Users\m1022639\.m2\repository\org\apache\xmlgraphics\batik-svg-dom\1.8\batik-svg-dom-1.8.jar;C:\Users\m1022639\.m2\repository\org\apache\xmlgraphics\batik-css\1.8\batik-css-1.8.jar;C:\Users\m1022639\.m2\repository\org\apache\xmlgraphics\batik-dom\1.8\batik-dom-1.8.jar;C:\Users\m1022639\.m2\repository\org\apache\xmlgraphics\batik-parser\1.8\batik-parser-1.8.jar;C:\Users\m1022639\.m2\repository\org\apache\xmlgraphics\batik-util\1.8\batik-util-1.8.jar;C:\Users\m1022639\.m2\repository\xml-apis\xml-apis\1.3.04\xml-apis-1.3.04.jar;C:\Users\m1022639\.m2\repository\xml-apis\xml-apis-ext\1.3.04\xml-apis-ext-1.3.04.jar;C:\Users\m1022639\.m2\repository\org\apache\xmlgraphics\batik-bridge\1.8\batik-bridge-1.8.jar;C:\Users\m1022639\.m2\repository\org\apache\xmlgraphics\batik-anim\1.8\batik-anim-1.8.jar;C:\Users\m1022639\.m2\repository\org\apache\xmlgraphics\batik-script\1.8\batik-script-1.8.jar;C:\Users\m1022639\.m2\repository\org\apache\xmlgraphics\batik-xml\1.8\batik-xml-1.8.jar;C:\Users\m1022639\.m2\repository\xalan\xalan\2.7.0\xalan-2.7.0.jar;C:\Users\m1022639\.m2\repository\org\apache\xmlgraphics\batik-awt-util\1.8\batik-awt-util-1.8.jar;C:\Users\m1022639\.m2\repository\org\apache\xmlgraphics\batik-gvt\1.8\batik-gvt-1.8.jar;C:\Users\m1022639\.m2\repository\org\apache\xmlgraphics\batik-transcoder\1.8\batik-transcoder-1.8.jar;C:\Users\m1022639\.m2\repository\org\apache\xmlgraphics\batik-svggen\1.8\batik-svggen-1.8.jar;C:\Users\m1022639\.m2\repository\org\apache\xmlgraphics\batik-extension\1.8\batik-extension-1.8.jar;C:\Users\m1022639\.m2\repository\org\apache\xmlgraphics\batik-ext\1.8\batik-ext-1.8.jar;C:\Users\m1022639\.m2\repository\avalon-framework\avalon-framework-api\4.2.0\avalon-framework-api-4.2.0.jar;C:\Users\m1022639\.m2\repository\avalon-framework\avalon-framework-impl\4.2.0\avalon-framework-impl-4.2.0.jar;C:\Users\m1022639\.m2\repository\org\apache\avalon\framework\avalon-framework-api\4.3.1\avalon-framework-api-4.3.1.jar;C:\Users\m1022639\.m2\repository\org\apache\avalon\framework\avalon-framework-impl\4.3.1\avalon-framework-impl-4.3.1.jar;C:\Users\m1022639\.m2\repository\com\uttesh\pdfngreport\2.1.3\pdfngreport-2.1.3.jar;C:\Users\m1022639\.m2\repository\org\apache\maven\surefire\surefire-testng-utils\2.20.1\surefire-testng-utils-2.20.1.jar;C:\Users\m1022639\.m2\repository\org\apache\maven\surefire\surefire-grouper\2.20.1\surefire-grouper-2.20.1.jar;"/>
    <property name="sun.cpu.endian" value="little"/>
    <property name="user.home" value="C:\Users\m1022639"/>
    <property name="user.language" value="en"/>
    <property name="java.specification.vendor" value="Oracle Corporation"/>
    <property name="java.home" value="C:\Program Files\Java\jre1.8.0_102"/>
    <property name="basedir" value="D:\Edureka_Git\kishorelattimindtreecom_357984_432_59049\Final_Edureka_Demo\Final_Project_Java\NewTours_Application_Demo"/>
    <property name="file.separator" value="\"/>
    <property name="line.separator" value="&#10;"/>
    <property name="java.vm.specification.vendor" value="Oracle Corporation"/>
    <property name="java.specification.name" value="Java Platform API Specification"/>
    <property name="java.awt.graphicsenv" value="sun.awt.Win32GraphicsEnvironment"/>
    <property name="sun.boot.class.path" value="C:\Program Files\Java\jre1.8.0_102\lib\resources.jar;C:\Program Files\Java\jre1.8.0_102\lib\rt.jar;C:\Program Files\Java\jre1.8.0_102\lib\sunrsasign.jar;C:\Program Files\Java\jre1.8.0_102\lib\jsse.jar;C:\Program Files\Java\jre1.8.0_102\lib\jce.jar;C:\Program Files\Java\jre1.8.0_102\lib\charsets.jar;C:\Program Files\Java\jre1.8.0_102\lib\jfr.jar;C:\Program Files\Java\jre1.8.0_102\classes"/>
    <property name="user.script" value=""/>
    <property name="sun.management.compiler" value="HotSpot 64-Bit Tiered Compilers"/>
    <property name="java.runtime.version" value="1.8.0_102-b14"/>
    <property name="user.name" value="M1022639"/>
    <property name="path.separator" value=";"/>
    <property name="os.version" value="6.3"/>
    <property name="java.endorsed.dirs" value="C:\Program Files\Java\jre1.8.0_102\lib\endorsed"/>
    <property name="java.runtime.name" value="Java(TM) SE Runtime Environment"/>
    <property name="file.encoding" value="Cp1252"/>
    <property name="java.vm.name" value="Java HotSpot(TM) 64-Bit Server VM"/>
    <property name="localRepository" value="C:\Users\m1022639\.m2\repository"/>
    <property name="java.vendor.url.bug" value="http://bugreport.sun.com/bugreport/"/>
    <property name="java.io.tmpdir" value="C:\Users\m1022639\AppData\Local\Temp\"/>
    <property name="java.version" value="1.8.0_102"/>
    <property name="user.dir" value="D:\Edureka_Git\kishorelattimindtreecom_357984_432_59049\Final_Edureka_Demo\Final_Project_Java\NewTours_Application_Demo"/>
    <property name="os.arch" value="amd64"/>
    <property name="java.vm.specification.name" value="Java Virtual Machine Specification"/>
    <property name="java.awt.printerjob" value="sun.awt.windows.WPrinterJob"/>
    <property name="sun.os.patch.level" value=""/>
    <property name="java.library.path" value="C:\Program Files\Java\jre1.8.0_102\bin;C:\windows\Sun\Java\bin;C:\windows\system32;C:\windows;C:/Program Files/Java/jre1.8.0_102/bin/server;C:/Program Files/Java/jre1.8.0_102/bin;C:/Program Files/Java/jre1.8.0_102/lib/amd64;C:\oraclexe\app\oracle\product\11.2.0\server\bin;C:\ProgramData\Oracle\Java\javapath;C:\Program Files\Common Files\Microsoft Shared\Microsoft Online Services;C:\Program Files (x86)\Common Files\Microsoft Shared\Microsoft Online Services;C:\Program Files\Dell\DW WLAN Card;C:\windows\system32;C:\windows;C:\windows\System32\Wbem;C:\windows\System32\WindowsPowerShell\v1.0\;C:\Program Files\TortoiseSVN\bin;C:\ANDROID\sdk\platform-tools;C:\ANDROID\sdk\tools;C:\ANDROID\sdk\tools;C:\Program Files\Java\jre1.8.0_102\bin;C:\ruby-2.3.1\bin;C:\Users\m1022639\AppData\Local\Programs\Python\Python35;C:\Program Files\Microsoft\Web Platform Installer\;C:\Program Files\Java\jdk1.8.0_102\bin;C:\Program Files\MySQL\MySQL Server 5.6\bin;C:\apache-ant-1.9.7\bin;C:\apache-maven-3.3.9\bin;D:\Jmeter-Docs\apache-jmeter-3.1\apache-jmeter-3.1\bin;C:\Program Files\Mozilla Firefox;C:\Program Files\nodejs\;C:\Users\m1022639\AppData\Roaming\npm;C:\Users\m1022639\eclipse\java-oxygen\eclipse;;."/>
    <property name="java.vm.info" value="mixed mode"/>
    <property name="java.vendor" value="Oracle Corporation"/>
    <property name="java.vm.version" value="25.102-b14"/>
    <property name="java.ext.dirs" value="C:\Program Files\Java\jre1.8.0_102\lib\ext;C:\windows\Sun\Java\lib\ext"/>
    <property name="sun.io.unicode.encoding" value="UnicodeLittle"/>
    <property name="java.class.version" value="52.0"/>
  </properties>
  <testcase name="loginPage" classname="com.mindtree.main.Book_Ticket" time="4.855"/>
  <testcase name="flightFinder" classname="com.mindtree.main.Book_Ticket" time="8.904"/>
  <testcase name="selectFlightPage" classname="com.mindtree.main.Book_Ticket" time="1.351"/>
  <testcase name="summaryPage" classname="com.mindtree.main.Book_Ticket" time="3.081"/>
  <testcase name="confirmationPage" classname="com.mindtree.main.Book_Ticket" time="0.11"/>
</testsuite>