<?xml version="1.0" encoding="UTF-8"?>
<!-- Generated by org.testng.reporters.JUnitReportReporter -->
<testsuite skipped="0" hostname="A2ML15068" name="restAssured.RestTesting" tests="1" failures="0" timestamp="30 Mar 2018 06:23:20 GMT" time="2.957" errors="0">
  <testcase name="GetWeatherDetailsCondensed" time="2.957" classname="restAssured.RestTesting"/>
</testsuite> <!-- restAssured.RestTesting -->
