<?xml version="1.0" encoding="UTF-8"?>
<!-- Generated by org.testng.reporters.JUnitReportReporter -->
<testsuite skipped="0" hostname="A2ML15068" name="restAssured.JsonUsage" tests="1" failures="0" timestamp="30 Mar 2018 09:29:48 GMT" time="3.720" errors="0">
  <testcase name="GetWeatherDetailsCondensed" time="3.720" classname="restAssured.JsonUsage"/>
</testsuite> <!-- restAssured.JsonUsage -->
