<?xml version="1.0" encoding="UTF-8"?>
<!-- Generated by org.testng.reporters.JUnitReportReporter -->
<testsuite hostname="A2ML15068" name="com.mindtree.main.Book_Ticket" tests="5" failures="0" timestamp="6 Mar 2018 06:57:14 GMT" time="20.234" errors="0">
  <testcase name="selectFlightPage" time="1.804" classname="com.mindtree.main.Book_Ticket"/>
  <testcase name="confirmationPage" time="0.489" classname="com.mindtree.main.Book_Ticket"/>
  <testcase name="loginPage" time="5.200" classname="com.mindtree.main.Book_Ticket"/>
  <testcase name="summaryPage" time="3.483" classname="com.mindtree.main.Book_Ticket"/>
  <testcase name="flightFinder" time="9.258" classname="com.mindtree.main.Book_Ticket"/>
</testsuite> <!-- com.mindtree.main.Book_Ticket -->
