<?xml version="1.0" encoding="UTF-8"?>
<!-- Generated by org.testng.reporters.JUnitReportReporter -->
<testsuite skipped="0" hostname="A2ML15068" name="com.mindtree.main.Book_Ticket1" tests="5" failures="0" timestamp="12 Mar 2018 11:30:56 GMT" time="54.457" errors="0">
  <testcase name="loginPage" time="2.653" classname="com.mindtree.main.Book_Ticket1"/>
  <testcase name="findFlights" time="7.340" classname="com.mindtree.main.Book_Ticket1"/>
  <testcase name="selectFlightPage" time="29.506" classname="com.mindtree.main.Book_Ticket1"/>
  <testcase name="summaryPage" time="14.410" classname="com.mindtree.main.Book_Ticket1"/>
  <testcase name="confirmationPage" time="0.548" classname="com.mindtree.main.Book_Ticket1"/>
</testsuite> <!-- com.mindtree.main.Book_Ticket1 -->
