<?xml version="1.0" encoding="UTF-8"?>
<!-- Generated by org.testng.reporters.JUnitReportReporter -->
<testsuite skipped="0" hostname="A2ML15068" name="tests.FBLogin_DataProvider" tests="2" failures="0" timestamp="07 Mar 2018 06:59:35 GMT" time="128.120" errors="0">
  <testcase name="loginfacebook" time="61.508" classname="tests.FBLogin_DataProvider"/>
  <testcase name="loginfacebook" time="66.612" classname="tests.FBLogin_DataProvider"/>
</testsuite> <!-- tests.FBLogin_DataProvider -->
