<?xml version="1.0" encoding="UTF-8"?>
<!-- Generated by org.testng.reporters.JUnitReportReporter -->
<testsuite skipped="0" hostname="A2ML15068" name="tests.DataDrivenTest" tests="1" failures="0" timestamp="06 Mar 2018 09:17:34 GMT" time="96.525" errors="0">
  <testcase name="fbLoginLogout" time="96.525" classname="tests.DataDrivenTest"/>
</testsuite> <!-- tests.DataDrivenTest -->
