<?xml version="1.0" encoding="UTF-8"?>
<!-- Generated by org.testng.reporters.JUnitReportReporter -->
<testsuite hostname="A2ML15068" name="module.two.ass.LaunchGoogle" tests="1" failures="0" timestamp="26 Feb 2018 08:44:31 GMT" time="15.576" errors="0">
  <testcase name="testLaunchGoogle" time="15.576" classname="module.two.ass.LaunchGoogle"/>
</testsuite> <!-- module.two.ass.LaunchGoogle -->
